{
  "stats": {
    "suites": 2,
    "tests": 3,
    "passes": 3,
    "pending": 0,
    "failures": 0,
    "start": "2018-09-20T19:29:25.448Z",
    "end": "2018-09-20T19:29:25.471Z",
    "duration": 23,
    "testsRegistered": 3,
    "passPercent": 100,
    "pendingPercent": 0,
    "other": 0,
    "hasOther": false,
    "skipped": 0,
    "hasSkipped": false,
    "passPercentClass": "success",
    "pendingPercentClass": "danger"
  },
  "suites": {
    "title": "",
    "suites": [
      {
        "title": "Calc test suite",
        "suites": [],
        "tests": [
          {
            "title": "Can add",
            "fullTitle": "Calc test suite Can add",
            "timedOut": false,
            "duration": 1,
            "state": "passed",
            "speed": "fast",
            "pass": true,
            "fail": false,
            "pending": false,
            "code": "var result = calc.add(5, 5);\nresult.should.equals(10, \"Should return: 10, but returned: \" + result);",
            "err": {},
            "isRoot": false,
            "uuid": "086bc037-b369-48ad-b964-a3cf8e56d96d",
            "parentUUID": "01a96b96-1bb7-4277-861d-75c1247cadf6",
            "isHook": false,
            "skipped": false
          },
          {
            "title": "Can subtract",
            "fullTitle": "Calc test suite Can subtract",
            "timedOut": false,
            "duration": 0,
            "state": "passed",
            "speed": "fast",
            "pass": true,
            "fail": false,
            "pending": false,
            "code": "var result = calc.subtract(20, 10);\nresult.should.equals(10, \"Should return: 10, but returned: \" + result);",
            "err": {},
            "isRoot": false,
            "uuid": "60127004-0efa-416e-931f-b5430956c849",
            "parentUUID": "01a96b96-1bb7-4277-861d-75c1247cadf6",
            "isHook": false,
            "skipped": false
          }
        ],
        "pending": [],
        "root": false,
        "_timeout": 2000,
        "file": "\\lib\\test\\Calc.test.js",
        "uuid": "01a96b96-1bb7-4277-861d-75c1247cadf6",
        "beforeHooks": [],
        "afterHooks": [],
        "fullFile": "C:\\Repositories\\Mochawesome\\lib\\test\\Calc.test.js",
        "passes": [
          {
            "title": "Can add",
            "fullTitle": "Calc test suite Can add",
            "timedOut": false,
            "duration": 1,
            "state": "passed",
            "speed": "fast",
            "pass": true,
            "fail": false,
            "pending": false,
            "code": "var result = calc.add(5, 5);\nresult.should.equals(10, \"Should return: 10, but returned: \" + result);",
            "err": {},
            "isRoot": false,
            "uuid": "086bc037-b369-48ad-b964-a3cf8e56d96d",
            "parentUUID": "01a96b96-1bb7-4277-861d-75c1247cadf6",
            "isHook": false,
            "skipped": false
          },
          {
            "title": "Can subtract",
            "fullTitle": "Calc test suite Can subtract",
            "timedOut": false,
            "duration": 0,
            "state": "passed",
            "speed": "fast",
            "pass": true,
            "fail": false,
            "pending": false,
            "code": "var result = calc.subtract(20, 10);\nresult.should.equals(10, \"Should return: 10, but returned: \" + result);",
            "err": {},
            "isRoot": false,
            "uuid": "60127004-0efa-416e-931f-b5430956c849",
            "parentUUID": "01a96b96-1bb7-4277-861d-75c1247cadf6",
            "isHook": false,
            "skipped": false
          }
        ],
        "failures": [],
        "skipped": [],
        "hasBeforeHooks": false,
        "hasAfterHooks": false,
        "hasTests": true,
        "hasSuites": false,
        "totalTests": 2,
        "totalPasses": 2,
        "totalFailures": 0,
        "totalPending": 0,
        "totalSkipped": 0,
        "hasPasses": true,
        "hasFailures": false,
        "hasPending": false,
        "hasSkipped": false,
        "duration": 1,
        "rootEmpty": false
      },
      {
        "title": "Hello World test suite",
        "suites": [],
        "tests": [
          {
            "title": "Can say Hello World",
            "fullTitle": "Hello World test suite Can say Hello World",
            "timedOut": false,
            "duration": 0,
            "state": "passed",
            "speed": "fast",
            "pass": true,
            "fail": false,
            "pending": false,
            "code": "var result = new HelloWorld_1.HelloWorld().helloWorld();\nresult.should.equals('Hello World', \"Should return: Hello World, but returned: \" + result);",
            "err": {},
            "isRoot": false,
            "uuid": "d545db20-940f-4d06-b4a3-09deb9e4d29e",
            "parentUUID": "db62f496-384f-42e3-91f7-e4c9cfdc4a79",
            "isHook": false,
            "skipped": false
          }
        ],
        "pending": [],
        "root": false,
        "_timeout": 2000,
        "file": "\\lib\\test\\HelloWorld.test.js",
        "uuid": "db62f496-384f-42e3-91f7-e4c9cfdc4a79",
        "beforeHooks": [],
        "afterHooks": [],
        "fullFile": "C:\\Repositories\\Mochawesome\\lib\\test\\HelloWorld.test.js",
        "passes": [
          {
            "title": "Can say Hello World",
            "fullTitle": "Hello World test suite Can say Hello World",
            "timedOut": false,
            "duration": 0,
            "state": "passed",
            "speed": "fast",
            "pass": true,
            "fail": false,
            "pending": false,
            "code": "var result = new HelloWorld_1.HelloWorld().helloWorld();\nresult.should.equals('Hello World', \"Should return: Hello World, but returned: \" + result);",
            "err": {},
            "isRoot": false,
            "uuid": "d545db20-940f-4d06-b4a3-09deb9e4d29e",
            "parentUUID": "db62f496-384f-42e3-91f7-e4c9cfdc4a79",
            "isHook": false,
            "skipped": false
          }
        ],
        "failures": [],
        "skipped": [],
        "hasBeforeHooks": false,
        "hasAfterHooks": false,
        "hasTests": true,
        "hasSuites": false,
        "totalTests": 1,
        "totalPasses": 1,
        "totalFailures": 0,
        "totalPending": 0,
        "totalSkipped": 0,
        "hasPasses": true,
        "hasFailures": false,
        "hasPending": false,
        "hasSkipped": false,
        "duration": 0,
        "rootEmpty": false
      }
    ],
    "tests": [],
    "pending": [],
    "root": true,
    "_timeout": 2000,
    "uuid": "8d5e52df-51ad-47a0-bf37-7177d77ef580",
    "beforeHooks": [],
    "afterHooks": [],
    "fullFile": "",
    "file": "",
    "passes": [],
    "failures": [],
    "skipped": [],
    "hasBeforeHooks": false,
    "hasAfterHooks": false,
    "hasTests": false,
    "hasSuites": true,
    "totalTests": 0,
    "totalPasses": 0,
    "totalFailures": 0,
    "totalPending": 0,
    "totalSkipped": 0,
    "hasPasses": false,
    "hasFailures": false,
    "hasPending": false,
    "hasSkipped": false,
    "duration": 0,
    "rootEmpty": true
  },
  "allTests": [
    {
      "title": "Can add",
      "fullTitle": "Calc test suite Can add",
      "timedOut": false,
      "duration": 1,
      "state": "passed",
      "speed": "fast",
      "pass": true,
      "fail": false,
      "pending": false,
      "code": "var result = calc.add(5, 5);\nresult.should.equals(10, \"Should return: 10, but returned: \" + result);",
      "err": {},
      "isRoot": false,
      "uuid": "086bc037-b369-48ad-b964-a3cf8e56d96d",
      "parentUUID": "01a96b96-1bb7-4277-861d-75c1247cadf6",
      "isHook": false,
      "skipped": false
    },
    {
      "title": "Can subtract",
      "fullTitle": "Calc test suite Can subtract",
      "timedOut": false,
      "duration": 0,
      "state": "passed",
      "speed": "fast",
      "pass": true,
      "fail": false,
      "pending": false,
      "code": "var result = calc.subtract(20, 10);\nresult.should.equals(10, \"Should return: 10, but returned: \" + result);",
      "err": {},
      "isRoot": false,
      "uuid": "60127004-0efa-416e-931f-b5430956c849",
      "parentUUID": "01a96b96-1bb7-4277-861d-75c1247cadf6",
      "isHook": false,
      "skipped": false
    },
    {
      "title": "Can say Hello World",
      "fullTitle": "Hello World test suite Can say Hello World",
      "timedOut": false,
      "duration": 0,
      "state": "passed",
      "speed": "fast",
      "pass": true,
      "fail": false,
      "pending": false,
      "code": "var result = new HelloWorld_1.HelloWorld().helloWorld();\nresult.should.equals('Hello World', \"Should return: Hello World, but returned: \" + result);",
      "err": {},
      "isRoot": false,
      "uuid": "d545db20-940f-4d06-b4a3-09deb9e4d29e",
      "parentUUID": "db62f496-384f-42e3-91f7-e4c9cfdc4a79",
      "isHook": false,
      "skipped": false
    }
  ],
  "allPending": [],
  "allPasses": [
    {
      "title": "Can add",
      "fullTitle": "Calc test suite Can add",
      "timedOut": false,
      "duration": 1,
      "state": "passed",
      "speed": "fast",
      "pass": true,
      "fail": false,
      "pending": false,
      "code": "var result = calc.add(5, 5);\nresult.should.equals(10, \"Should return: 10, but returned: \" + result);",
      "err": {},
      "isRoot": false,
      "uuid": "086bc037-b369-48ad-b964-a3cf8e56d96d",
      "parentUUID": "01a96b96-1bb7-4277-861d-75c1247cadf6",
      "isHook": false,
      "skipped": false
    },
    {
      "title": "Can subtract",
      "fullTitle": "Calc test suite Can subtract",
      "timedOut": false,
      "duration": 0,
      "state": "passed",
      "speed": "fast",
      "pass": true,
      "fail": false,
      "pending": false,
      "code": "var result = calc.subtract(20, 10);\nresult.should.equals(10, \"Should return: 10, but returned: \" + result);",
      "err": {},
      "isRoot": false,
      "uuid": "60127004-0efa-416e-931f-b5430956c849",
      "parentUUID": "01a96b96-1bb7-4277-861d-75c1247cadf6",
      "isHook": false,
      "skipped": false
    },
    {
      "title": "Can say Hello World",
      "fullTitle": "Hello World test suite Can say Hello World",
      "timedOut": false,
      "duration": 0,
      "state": "passed",
      "speed": "fast",
      "pass": true,
      "fail": false,
      "pending": false,
      "code": "var result = new HelloWorld_1.HelloWorld().helloWorld();\nresult.should.equals('Hello World', \"Should return: Hello World, but returned: \" + result);",
      "err": {},
      "isRoot": false,
      "uuid": "d545db20-940f-4d06-b4a3-09deb9e4d29e",
      "parentUUID": "db62f496-384f-42e3-91f7-e4c9cfdc4a79",
      "isHook": false,
      "skipped": false
    }
  ],
  "allFailures": [],
  "copyrightYear": 2018
}