{
  "stats": {
    "suites": 2,
    "tests": 3,
    "passes": 3,
    "pending": 0,
    "failures": 0,
    "start": "2018-09-20T19:46:02.004Z",
    "end": "2018-09-20T19:46:02.026Z",
    "duration": 22,
    "testsRegistered": 3,
    "passPercent": 100,
    "pendingPercent": 0,
    "other": 0,
    "hasOther": false,
    "skipped": 0,
    "hasSkipped": false,
    "passPercentClass": "success",
    "pendingPercentClass": "danger"
  },
  "suites": {
    "title": "",
    "suites": [
      {
        "title": "Calc test suite",
        "suites": [],
        "tests": [
          {
            "title": "Can add",
            "fullTitle": "Calc test suite Can add",
            "timedOut": false,
            "duration": 1,
            "state": "passed",
            "speed": "fast",
            "pass": true,
            "fail": false,
            "pending": false,
            "code": "var result = calc.add(5, 5);\nresult.should.equals(10, \"Should return: 10, but returned: \" + result);",
            "err": {},
            "isRoot": false,
            "uuid": "5720274f-4ee0-41a1-8cbf-64b9b1dd10eb",
            "parentUUID": "d577b101-cff9-4345-92a8-1f3dd3c5be40",
            "isHook": false,
            "skipped": false
          },
          {
            "title": "Can subtract",
            "fullTitle": "Calc test suite Can subtract",
            "timedOut": false,
            "duration": 0,
            "state": "passed",
            "speed": "fast",
            "pass": true,
            "fail": false,
            "pending": false,
            "code": "var result = calc.subtract(20, 10);\nresult.should.equals(10, \"Should return: 10, but returned: \" + result);",
            "err": {},
            "isRoot": false,
            "uuid": "299474e1-00e3-4f18-af84-d25aa73540a0",
            "parentUUID": "d577b101-cff9-4345-92a8-1f3dd3c5be40",
            "isHook": false,
            "skipped": false
          }
        ],
        "pending": [],
        "root": false,
        "_timeout": 2000,
        "file": "\\lib\\test\\Calc.test.js",
        "uuid": "d577b101-cff9-4345-92a8-1f3dd3c5be40",
        "beforeHooks": [],
        "afterHooks": [],
        "fullFile": "C:\\Repositories\\Mochawesome\\lib\\test\\Calc.test.js",
        "passes": [
          {
            "title": "Can add",
            "fullTitle": "Calc test suite Can add",
            "timedOut": false,
            "duration": 1,
            "state": "passed",
            "speed": "fast",
            "pass": true,
            "fail": false,
            "pending": false,
            "code": "var result = calc.add(5, 5);\nresult.should.equals(10, \"Should return: 10, but returned: \" + result);",
            "err": {},
            "isRoot": false,
            "uuid": "5720274f-4ee0-41a1-8cbf-64b9b1dd10eb",
            "parentUUID": "d577b101-cff9-4345-92a8-1f3dd3c5be40",
            "isHook": false,
            "skipped": false
          },
          {
            "title": "Can subtract",
            "fullTitle": "Calc test suite Can subtract",
            "timedOut": false,
            "duration": 0,
            "state": "passed",
            "speed": "fast",
            "pass": true,
            "fail": false,
            "pending": false,
            "code": "var result = calc.subtract(20, 10);\nresult.should.equals(10, \"Should return: 10, but returned: \" + result);",
            "err": {},
            "isRoot": false,
            "uuid": "299474e1-00e3-4f18-af84-d25aa73540a0",
            "parentUUID": "d577b101-cff9-4345-92a8-1f3dd3c5be40",
            "isHook": false,
            "skipped": false
          }
        ],
        "failures": [],
        "skipped": [],
        "hasBeforeHooks": false,
        "hasAfterHooks": false,
        "hasTests": true,
        "hasSuites": false,
        "totalTests": 2,
        "totalPasses": 2,
        "totalFailures": 0,
        "totalPending": 0,
        "totalSkipped": 0,
        "hasPasses": true,
        "hasFailures": false,
        "hasPending": false,
        "hasSkipped": false,
        "duration": 1,
        "rootEmpty": false
      },
      {
        "title": "Hello World test suite",
        "suites": [],
        "tests": [
          {
            "title": "Can say Hello World",
            "fullTitle": "Hello World test suite Can say Hello World",
            "timedOut": false,
            "duration": 0,
            "state": "passed",
            "speed": "fast",
            "pass": true,
            "fail": false,
            "pending": false,
            "code": "var result = new HelloWorld_1.HelloWorld().helloWorld();\nresult.should.equals('Hello World', \"Should return: Hello World, but returned: \" + result);",
            "err": {},
            "isRoot": false,
            "uuid": "78c4fadd-30c8-43df-b266-5c8eab766912",
            "parentUUID": "2daa2d6f-e6fd-4555-a648-a82d11b97bef",
            "isHook": false,
            "skipped": false
          }
        ],
        "pending": [],
        "root": false,
        "_timeout": 2000,
        "file": "\\lib\\test\\HelloWorld.test.js",
        "uuid": "2daa2d6f-e6fd-4555-a648-a82d11b97bef",
        "beforeHooks": [],
        "afterHooks": [],
        "fullFile": "C:\\Repositories\\Mochawesome\\lib\\test\\HelloWorld.test.js",
        "passes": [
          {
            "title": "Can say Hello World",
            "fullTitle": "Hello World test suite Can say Hello World",
            "timedOut": false,
            "duration": 0,
            "state": "passed",
            "speed": "fast",
            "pass": true,
            "fail": false,
            "pending": false,
            "code": "var result = new HelloWorld_1.HelloWorld().helloWorld();\nresult.should.equals('Hello World', \"Should return: Hello World, but returned: \" + result);",
            "err": {},
            "isRoot": false,
            "uuid": "78c4fadd-30c8-43df-b266-5c8eab766912",
            "parentUUID": "2daa2d6f-e6fd-4555-a648-a82d11b97bef",
            "isHook": false,
            "skipped": false
          }
        ],
        "failures": [],
        "skipped": [],
        "hasBeforeHooks": false,
        "hasAfterHooks": false,
        "hasTests": true,
        "hasSuites": false,
        "totalTests": 1,
        "totalPasses": 1,
        "totalFailures": 0,
        "totalPending": 0,
        "totalSkipped": 0,
        "hasPasses": true,
        "hasFailures": false,
        "hasPending": false,
        "hasSkipped": false,
        "duration": 0,
        "rootEmpty": false
      }
    ],
    "tests": [],
    "pending": [],
    "root": true,
    "_timeout": 2000,
    "uuid": "2a4f529e-9d22-4497-b3d6-32463d146ad1",
    "beforeHooks": [],
    "afterHooks": [],
    "fullFile": "",
    "file": "",
    "passes": [],
    "failures": [],
    "skipped": [],
    "hasBeforeHooks": false,
    "hasAfterHooks": false,
    "hasTests": false,
    "hasSuites": true,
    "totalTests": 0,
    "totalPasses": 0,
    "totalFailures": 0,
    "totalPending": 0,
    "totalSkipped": 0,
    "hasPasses": false,
    "hasFailures": false,
    "hasPending": false,
    "hasSkipped": false,
    "duration": 0,
    "rootEmpty": true
  },
  "allTests": [
    {
      "title": "Can add",
      "fullTitle": "Calc test suite Can add",
      "timedOut": false,
      "duration": 1,
      "state": "passed",
      "speed": "fast",
      "pass": true,
      "fail": false,
      "pending": false,
      "code": "var result = calc.add(5, 5);\nresult.should.equals(10, \"Should return: 10, but returned: \" + result);",
      "err": {},
      "isRoot": false,
      "uuid": "5720274f-4ee0-41a1-8cbf-64b9b1dd10eb",
      "parentUUID": "d577b101-cff9-4345-92a8-1f3dd3c5be40",
      "isHook": false,
      "skipped": false
    },
    {
      "title": "Can subtract",
      "fullTitle": "Calc test suite Can subtract",
      "timedOut": false,
      "duration": 0,
      "state": "passed",
      "speed": "fast",
      "pass": true,
      "fail": false,
      "pending": false,
      "code": "var result = calc.subtract(20, 10);\nresult.should.equals(10, \"Should return: 10, but returned: \" + result);",
      "err": {},
      "isRoot": false,
      "uuid": "299474e1-00e3-4f18-af84-d25aa73540a0",
      "parentUUID": "d577b101-cff9-4345-92a8-1f3dd3c5be40",
      "isHook": false,
      "skipped": false
    },
    {
      "title": "Can say Hello World",
      "fullTitle": "Hello World test suite Can say Hello World",
      "timedOut": false,
      "duration": 0,
      "state": "passed",
      "speed": "fast",
      "pass": true,
      "fail": false,
      "pending": false,
      "code": "var result = new HelloWorld_1.HelloWorld().helloWorld();\nresult.should.equals('Hello World', \"Should return: Hello World, but returned: \" + result);",
      "err": {},
      "isRoot": false,
      "uuid": "78c4fadd-30c8-43df-b266-5c8eab766912",
      "parentUUID": "2daa2d6f-e6fd-4555-a648-a82d11b97bef",
      "isHook": false,
      "skipped": false
    }
  ],
  "allPending": [],
  "allPasses": [
    {
      "title": "Can add",
      "fullTitle": "Calc test suite Can add",
      "timedOut": false,
      "duration": 1,
      "state": "passed",
      "speed": "fast",
      "pass": true,
      "fail": false,
      "pending": false,
      "code": "var result = calc.add(5, 5);\nresult.should.equals(10, \"Should return: 10, but returned: \" + result);",
      "err": {},
      "isRoot": false,
      "uuid": "5720274f-4ee0-41a1-8cbf-64b9b1dd10eb",
      "parentUUID": "d577b101-cff9-4345-92a8-1f3dd3c5be40",
      "isHook": false,
      "skipped": false
    },
    {
      "title": "Can subtract",
      "fullTitle": "Calc test suite Can subtract",
      "timedOut": false,
      "duration": 0,
      "state": "passed",
      "speed": "fast",
      "pass": true,
      "fail": false,
      "pending": false,
      "code": "var result = calc.subtract(20, 10);\nresult.should.equals(10, \"Should return: 10, but returned: \" + result);",
      "err": {},
      "isRoot": false,
      "uuid": "299474e1-00e3-4f18-af84-d25aa73540a0",
      "parentUUID": "d577b101-cff9-4345-92a8-1f3dd3c5be40",
      "isHook": false,
      "skipped": false
    },
    {
      "title": "Can say Hello World",
      "fullTitle": "Hello World test suite Can say Hello World",
      "timedOut": false,
      "duration": 0,
      "state": "passed",
      "speed": "fast",
      "pass": true,
      "fail": false,
      "pending": false,
      "code": "var result = new HelloWorld_1.HelloWorld().helloWorld();\nresult.should.equals('Hello World', \"Should return: Hello World, but returned: \" + result);",
      "err": {},
      "isRoot": false,
      "uuid": "78c4fadd-30c8-43df-b266-5c8eab766912",
      "parentUUID": "2daa2d6f-e6fd-4555-a648-a82d11b97bef",
      "isHook": false,
      "skipped": false
    }
  ],
  "allFailures": [],
  "copyrightYear": 2018
}